Class                            Step     Epot[eV]   AcptRate
Canonical                           0   -2794.7316      0.000
Canonical                           1   -2794.6582      0.857
Canonical                           2   -2794.3630      0.714
Canonical                           3   -2794.4315      0.143
Canonical                           4   -2794.4905      1.000
Canonical                           5   -2794.2514      0.571
Canonical                           6   -2794.2389      0.857
Canonical                           7   -2794.4787      0.429
Canonical                           8   -2794.4021      0.857
Canonical                           9   -2794.3454      0.571
Canonical                          10   -2794.2922      0.429
Canonical                          11   -2794.3118      0.571
Canonical                          12   -2794.2101      0.286
Canonical                          13   -2794.0177      0.429
Canonical                          14   -2793.8877      0.571
Canonical                          15   -2793.8567      0.286
Canonical                          16   -2793.9426      0.571
Canonical                          17   -2794.3385      0.714
Canonical                          18   -2794.4200      0.857
Canonical                          19   -2794.4338      0.286
Canonical                          20   -2794.4931      0.571
Canonical                          21   -2794.5769      0.857
Canonical                          22   -2794.5390      0.429
Canonical                          23   -2794.4875      0.714
Canonical                          24   -2794.3509      0.571
Canonical                          25   -2794.2548      0.714
Canonical                          26   -2794.3955      0.714
Canonical                          27   -2794.5084      0.714
Canonical                          28   -2794.3484      0.571
Canonical                          29   -2794.3642      0.429
Canonical                          30   -2794.3233      1.000
Canonical                          31   -2794.3203      0.857
Canonical                          32   -2794.2529      0.857
Canonical                          33   -2793.7365      0.857
Canonical                          34   -2793.6874      0.857
Canonical                          35   -2793.6114      0.571
Canonical                          36   -2793.4807      0.571
Canonical                          37   -2793.8812      1.000
Canonical                          38   -2793.8829      0.571
Canonical                          39   -2793.8314      0.429
Canonical                          40   -2793.8763      0.429
Canonical                          41   -2794.1212      0.857
Canonical                          42   -2794.0511      0.857
Canonical                          43   -2794.1442      0.571
Canonical                          44   -2794.2261      1.000
Canonical                          45   -2794.2200      0.714
Canonical                          46   -2794.2577      0.286
Canonical                          47   -2794.1700      0.571
Canonical                          48   -2794.2979      0.571
Canonical                          49   -2794.3082      0.571
Canonical                          50   -2794.1679      0.714
Canonical                          51   -2794.3160      0.857
Canonical                          52   -2794.2609      0.429
Canonical                          53   -2794.2184      0.286
Canonical                          54   -2794.2475      0.571
Canonical                          55   -2794.2226      0.714
Canonical                          56   -2794.2079      0.714
Canonical                          57   -2794.0863      0.714
Canonical                          58   -2794.0111      0.857
Canonical                          59   -2794.1755      0.857
Canonical                          60   -2794.0914      0.286
Canonical                          61   -2794.0547      0.714
Canonical                          62   -2794.0752      0.429
Canonical                          63   -2793.9331      0.571
Canonical                          64   -2793.9582      0.714
Canonical                          65   -2793.9636      0.714
Canonical                          66   -2794.1039      0.429
Canonical                          67   -2793.9484      0.571
Canonical                          68   -2794.2566      0.714
Canonical                          69   -2794.1361      0.286
Canonical                          70   -2794.1757      0.429
Canonical                          71   -2794.1588      0.286
Canonical                          72   -2794.0668      0.571
Canonical                          73   -2794.0817      0.286
Canonical                          74   -2793.9026      0.857
Canonical                          75   -2794.0332      0.571
Canonical                          76   -2793.8802      0.857
Canonical                          77   -2793.8473      0.571
Canonical                          78   -2794.1287      0.857
Canonical                          79   -2794.2099      0.857
Canonical                          80   -2794.1348      0.571
Canonical                          81   -2793.8969      0.571
Canonical                          82   -2793.9353      0.429
Canonical                          83   -2793.9918      0.429
Canonical                          84   -2794.1673      0.714
Canonical                          85   -2793.7748      0.571
Canonical                          86   -2794.1876      1.000
Canonical                          87   -2794.2209      0.714
Canonical                          88   -2794.3016      0.571
Canonical                          89   -2794.1490      1.000
Canonical                          90   -2794.1458      0.571
Canonical                          91   -2794.0655      0.857
Canonical                          92   -2794.1111      0.571
Canonical                          93   -2794.1056      0.429
Canonical                          94   -2793.6964      0.714
Canonical                          95   -2793.6734      0.714
Canonical                          96   -2793.4387      1.000
Canonical                          97   -2793.3028      0.571
Canonical                          98   -2793.1016      0.857
Canonical                          99   -2793.3532      0.857
Canonical                         100   -2793.3171      0.429
Class                            Step     Epot[eV]   AcptRate
Canonical                           0   -2794.7316      0.000
Canonical                           1   -2794.6649      0.571
Canonical                           2   -2794.6536      0.429
Canonical                           3   -2794.5557      0.857
Canonical                           4   -2794.6500      0.571
Canonical                           5   -2794.5200      0.571
Canonical                           6   -2794.5074      0.429
Canonical                           7   -2794.2914      1.000
Canonical                           8   -2794.4722      0.429
Canonical                           9   -2794.4544      0.714
Canonical                          10   -2794.3589      0.714
Canonical                          11   -2794.3158      0.714
Canonical                          12   -2794.1980      0.571
Canonical                          13   -2794.0894      0.571
Canonical                          14   -2793.9122      0.857
Canonical                          15   -2793.7776      0.714
Canonical                          16   -2793.9520      0.286
Canonical                          17   -2793.9866      0.857
Canonical                          18   -2794.2098      0.714
Canonical                          19   -2794.1202      0.714
Canonical                          20   -2794.0166      0.571
Canonical                          21   -2794.1213      0.714
Canonical                          22   -2794.2099      0.286
Canonical                          23   -2794.2724      0.857
Canonical                          24   -2794.3453      0.571
Canonical                          25   -2794.3170      0.714
Canonical                          26   -2794.2806      0.571
Canonical                          27   -2794.3148      0.571
Canonical                          28   -2794.2075      0.571
Canonical                          29   -2794.1677      0.714
Canonical                          30   -2794.3691      0.857
Canonical                          31   -2794.1676      0.857
Canonical                          32   -2794.1661      1.000
Canonical                          33   -2794.2200      0.571
Canonical                          34   -2794.1549      0.714
Canonical                          35   -2794.1832      0.571
Canonical                          36   -2794.0519      0.571
Canonical                          37   -2794.0264      0.143
Canonical                          38   -2793.9487      0.714
Canonical                          39   -2794.0310      0.714
Canonical                          40   -2794.0256      0.571
Canonical                          41   -2793.6876      0.857
Canonical                          42   -2793.5547      1.000
Canonical                          43   -2794.0743      0.857
Canonical                          44   -2794.0310      0.286
Canonical                          45   -2793.8357      0.857
Canonical                          46   -2793.7963      0.571
Canonical                          47   -2793.6102      0.857
Canonical                          48   -2793.5928      0.714
Canonical                          49   -2793.6465      0.571
Canonical                          50   -2793.7722      0.571
Canonical                          51   -2793.7703      0.714
Canonical                          52   -2794.0496      0.714
Canonical                          53   -2793.8792      0.714
Canonical                          54   -2793.9417      0.571
Canonical                          55   -2793.6843      0.857
Canonical                          56   -2793.7369      0.571
Canonical                          57   -2793.6434      0.857
Canonical                          58   -2793.4172      1.000
Canonical                          59   -2793.6872      0.571
Canonical                          60   -2793.8143      0.714
Canonical                          61   -2794.0757      0.857
Canonical                          62   -2794.0592      0.429
Canonical                          63   -2794.0261      0.429
Canonical                          64   -2794.0115      1.000
Canonical                          65   -2794.0151      0.714
Canonical                          66   -2793.8998      0.714
Canonical                          67   -2793.8425      0.429
Canonical                          68   -2793.9293      0.714
Canonical                          69   -2793.8004      0.857
Canonical                          70   -2793.9340      0.857
Canonical                          71   -2793.9563      0.429
Canonical                          72   -2794.0680      0.714
Canonical                          73   -2794.1169      0.714
Canonical                          74   -2794.1554      0.571
Canonical                          75   -2794.1074      0.857
Canonical                          76   -2794.1387      0.714
Canonical                          77   -2794.0151      0.714
Canonical                          78   -2794.0499      0.714
Canonical                          79   -2793.9584      0.714
Canonical                          80   -2793.7709      0.571
Canonical                          81   -2793.7848      0.571
Canonical                          82   -2794.0073      0.571
Canonical                          83   -2794.1328      0.429
Canonical                          84   -2794.1206      0.571
Canonical                          85   -2793.8697      0.571
Canonical                          86   -2793.8568      0.714
Canonical                          87   -2793.9732      0.429
Canonical                          88   -2794.1651      0.714
Canonical                          89   -2794.1051      0.714
Canonical                          90   -2794.0906      0.714
Canonical                          91   -2793.9802      0.571
Canonical                          92   -2794.2681      0.429
Canonical                          93   -2794.1972      0.571
Canonical                          94   -2794.2994      0.571
Canonical                          95   -2794.2127      0.429
Canonical                          96   -2794.3827      1.000
Canonical                          97   -2794.3360      0.714
Canonical                          98   -2794.3189      0.571
Canonical                          99   -2793.9814      0.714
